This is pdfTeX, Version 3.14159265-2.6-1.40.21 (TeX Live 2020) (preloaded format=pdflatex 2020.11.17)  5 DEC 2020 21:16
entering extended mode
 restricted \write18 enabled.
 %&-line parsing enabled.
**second_draft_v2.tex
(./second_draft_v2.tex
LaTeX2e <2020-10-01> patch level 2
L3 programming layer <2020-10-27> xparse <2020-03-03> (/home/rstudio/.TinyTeX/t
exmf-dist/tex/latex/base/article.cls
Document Class: article 2020/04/10 v1.4m Standard LaTeX document class
(/home/rstudio/.TinyTeX/texmf-dist/tex/latex/base/size10.clo
File: size10.clo 2020/04/10 v1.4m Standard LaTeX file (size option)
)
\c@part=\count175
\c@section=\count176
\c@subsection=\count177
\c@subsubsection=\count178
\c@paragraph=\count179
\c@subparagraph=\count180
\c@figure=\count181
\c@table=\count182
\abovecaptionskip=\skip47
\belowcaptionskip=\skip48
\bibindent=\dimen138
) (/home/rstudio/.TinyTeX/texmf-dist/tex/latex/lm/lmodern.sty
Package: lmodern 2009/10/30 v1.6 Latin Modern Fonts
LaTeX Font Info:    Overwriting symbol font `operators' in version `normal'
(Font)                  OT1/cmr/m/n --> OT1/lmr/m/n on input line 22.
LaTeX Font Info:    Overwriting symbol font `letters' in version `normal'
(Font)                  OML/cmm/m/it --> OML/lmm/m/it on input line 23.
LaTeX Font Info:    Overwriting symbol font `symbols' in version `normal'
(Font)                  OMS/cmsy/m/n --> OMS/lmsy/m/n on input line 24.
LaTeX Font Info:    Overwriting symbol font `largesymbols' in version `normal'
(Font)                  OMX/cmex/m/n --> OMX/lmex/m/n on input line 25.
LaTeX Font Info:    Overwriting symbol font `operators' in version `bold'
(Font)                  OT1/cmr/bx/n --> OT1/lmr/bx/n on input line 26.
LaTeX Font Info:    Overwriting symbol font `letters' in version `bold'
(Font)                  OML/cmm/b/it --> OML/lmm/b/it on input line 27.
LaTeX Font Info:    Overwriting symbol font `symbols' in version `bold'
(Font)                  OMS/cmsy/b/n --> OMS/lmsy/b/n on input line 28.
LaTeX Font Info:    Overwriting symbol font `largesymbols' in version `bold'
(Font)                  OMX/cmex/m/n --> OMX/lmex/m/n on input line 29.
LaTeX Font Info:    Overwriting math alphabet `\mathbf' in version `normal'
(Font)                  OT1/cmr/bx/n --> OT1/lmr/bx/n on input line 31.
LaTeX Font Info:    Overwriting math alphabet `\mathsf' in version `normal'
(Font)                  OT1/cmss/m/n --> OT1/lmss/m/n on input line 32.
LaTeX Font Info:    Overwriting math alphabet `\mathit' in version `normal'
(Font)                  OT1/cmr/m/it --> OT1/lmr/m/it on input line 33.
LaTeX Font Info:    Overwriting math alphabet `\mathtt' in version `normal'
(Font)                  OT1/cmtt/m/n --> OT1/lmtt/m/n on input line 34.
LaTeX Font Info:    Overwriting math alphabet `\mathbf' in version `bold'
(Font)                  OT1/cmr/bx/n --> OT1/lmr/bx/n on input line 35.
LaTeX Font Info:    Overwriting math alphabet `\mathsf' in version `bold'
(Font)                  OT1/cmss/bx/n --> OT1/lmss/bx/n on input line 36.
LaTeX Font Info:    Overwriting math alphabet `\mathit' in version `bold'
(Font)                  OT1/cmr/bx/it --> OT1/lmr/bx/it on input line 37.
LaTeX Font Info:    Overwriting math alphabet `\mathtt' in version `bold'
(Font)                  OT1/cmtt/m/n --> OT1/lmtt/m/n on input line 38.
) (/home/rstudio/.TinyTeX/texmf-dist/tex/latex/amsfonts/amssymb.sty
Package: amssymb 2013/01/14 v3.01 AMS font symbols
(/home/rstudio/.TinyTeX/texmf-dist/tex/latex/amsfonts/amsfonts.sty
Package: amsfonts 2013/01/14 v3.01 Basic AMSFonts support
\@emptytoks=\toks15
\symAMSa=\mathgroup4
\symAMSb=\mathgroup5
LaTeX Font Info:    Redeclaring math symbol \hbar on input line 98.
LaTeX Font Info:    Overwriting math alphabet `\mathfrak' in version `bold'
(Font)                  U/euf/m/n --> U/euf/b/n on input line 106.
)) (/home/rstudio/.TinyTeX/texmf-dist/tex/latex/amsmath/amsmath.sty
Package: amsmath 2020/09/23 v2.17i AMS math features
\@mathmargin=\skip49
For additional information on amsmath, use the `?' option.
(/home/rstudio/.TinyTeX/texmf-dist/tex/latex/amsmath/amstext.sty
Package: amstext 2000/06/29 v2.01 AMS text
(/home/rstudio/.TinyTeX/texmf-dist/tex/latex/amsmath/amsgen.sty
File: amsgen.sty 1999/11/30 v2.0 generic functions
\@emptytoks=\toks16
\ex@=\dimen139
)) (/home/rstudio/.TinyTeX/texmf-dist/tex/latex/amsmath/amsbsy.sty
Package: amsbsy 1999/11/29 v1.2d Bold Symbols
\pmbraise@=\dimen140
) (/home/rstudio/.TinyTeX/texmf-dist/tex/latex/amsmath/amsopn.sty
Package: amsopn 2016/03/08 v2.02 operator names
)
\inf@bad=\count183
LaTeX Info: Redefining \frac on input line 234.
\uproot@=\count184
\leftroot@=\count185
LaTeX Info: Redefining \overline on input line 399.
\classnum@=\count186
\DOTSCASE@=\count187
LaTeX Info: Redefining \ldots on input line 496.
LaTeX Info: Redefining \dots on input line 499.
LaTeX Info: Redefining \cdots on input line 620.
\Mathstrutbox@=\box47
\strutbox@=\box48
\big@size=\dimen141
LaTeX Font Info:    Redeclaring font encoding OML on input line 743.
LaTeX Font Info:    Redeclaring font encoding OMS on input line 744.
\macc@depth=\count188
\c@MaxMatrixCols=\count189
\dotsspace@=\muskip16
\c@parentequation=\count190
\dspbrk@lvl=\count191
\tag@help=\toks17
\row@=\count192
\column@=\count193
\maxfields@=\count194
\andhelp@=\toks18
\eqnshift@=\dimen142
\alignsep@=\dimen143
\tagshift@=\dimen144
\tagwidth@=\dimen145
\totwidth@=\dimen146
\lineht@=\dimen147
\@envbody=\toks19
\multlinegap=\skip50
\multlinetaggap=\skip51
\mathdisplay@stack=\toks20
LaTeX Info: Redefining \[ on input line 2923.
LaTeX Info: Redefining \] on input line 2924.
) (/home/rstudio/.TinyTeX/texmf-dist/tex/generic/iftex/ifxetex.sty
Package: ifxetex 2019/10/25 v0.7 ifxetex legacy package. Use iftex instead.
(/home/rstudio/.TinyTeX/texmf-dist/tex/generic/iftex/iftex.sty
Package: iftex 2020/03/06 v1.0d TeX engine tests
)) (/home/rstudio/.TinyTeX/texmf-dist/tex/generic/iftex/ifluatex.sty
Package: ifluatex 2019/10/25 v1.5 ifluatex legacy package. Use iftex instead.
) (/home/rstudio/.TinyTeX/texmf-dist/tex/latex/base/fixltx2e.sty
Package: fixltx2e 2016/12/29 v2.1a fixes to LaTeX (obsolete)
Applying: [2015/01/01] Old fixltx2e package on input line 46.

Package fixltx2e Warning: fixltx2e is not required with releases after 2015
(fixltx2e)                All fixes are now in the LaTeX kernel.
(fixltx2e)                See the latexrelease package for details.

Already applied: [0000/00/00] Old fixltx2e package on input line 53.
) (/home/rstudio/.TinyTeX/texmf-dist/tex/latex/base/fontenc.sty
Package: fontenc 2020/08/10 v2.0s Standard LaTeX package
LaTeX Font Info:    Trying to load font information for T1+lmr on input line 11
2.
(/home/rstudio/.TinyTeX/texmf-dist/tex/latex/lm/t1lmr.fd
File: t1lmr.fd 2009/10/30 v1.6 Font defs for Latin Modern
)) (/home/rstudio/.TinyTeX/texmf-dist/tex/latex/base/inputenc.sty
Package: inputenc 2020/08/01 v1.3d Input encoding file
\inpenc@prehook=\toks21
\inpenc@posthook=\toks22
) (/home/rstudio/.TinyTeX/texmf-dist/tex/latex/base/textcomp.sty
Package: textcomp 2020/02/02 v2.0n Standard LaTeX package
) (/home/rstudio/.TinyTeX/texmf-dist/tex/latex/hyperref/hyperref.sty
Package: hyperref 2020-05-15 v7.00e Hypertext links for LaTeX
(/home/rstudio/.TinyTeX/texmf-dist/tex/generic/ltxcmds/ltxcmds.sty
Package: ltxcmds 2020-05-10 v1.25 LaTeX kernel commands for general use (HO)
) (/home/rstudio/.TinyTeX/texmf-dist/tex/generic/pdftexcmds/pdftexcmds.sty
Package: pdftexcmds 2020-06-27 v0.33 Utility functions of pdfTeX for LuaTeX (HO
)
(/home/rstudio/.TinyTeX/texmf-dist/tex/generic/infwarerr/infwarerr.sty
Package: infwarerr 2019/12/03 v1.5 Providing info/warning/error messages (HO)
)
Package pdftexcmds Info: \pdf@primitive is available.
Package pdftexcmds Info: \pdf@ifprimitive is available.
Package pdftexcmds Info: \pdfdraftmode found.
) (/home/rstudio/.TinyTeX/texmf-dist/tex/latex/graphics/keyval.sty
Package: keyval 2014/10/28 v1.15 key=value parser (DPC)
\KV@toks@=\toks23
) (/home/rstudio/.TinyTeX/texmf-dist/tex/generic/kvsetkeys/kvsetkeys.sty
Package: kvsetkeys 2019/12/15 v1.18 Key value parser (HO)
) (/home/rstudio/.TinyTeX/texmf-dist/tex/generic/kvdefinekeys/kvdefinekeys.sty
Package: kvdefinekeys 2019-12-19 v1.6 Define keys (HO)
) (/home/rstudio/.TinyTeX/texmf-dist/tex/generic/pdfescape/pdfescape.sty
Package: pdfescape 2019/12/09 v1.15 Implements pdfTeX's escape features (HO)
) (/home/rstudio/.TinyTeX/texmf-dist/tex/latex/hycolor/hycolor.sty
Package: hycolor 2020-01-27 v1.10 Color options for hyperref/bookmark (HO)
) (/home/rstudio/.TinyTeX/texmf-dist/tex/latex/letltxmacro/letltxmacro.sty
Package: letltxmacro 2019/12/03 v1.6 Let assignment for LaTeX macros (HO)
) (/home/rstudio/.TinyTeX/texmf-dist/tex/latex/auxhook/auxhook.sty
Package: auxhook 2019-12-17 v1.6 Hooks for auxiliary files (HO)
) (/home/rstudio/.TinyTeX/texmf-dist/tex/latex/kvoptions/kvoptions.sty
Package: kvoptions 2020-10-07 v3.14 Key value format for package options (HO)
)
\@linkdim=\dimen148
\Hy@linkcounter=\count195
\Hy@pagecounter=\count196
(/home/rstudio/.TinyTeX/texmf-dist/tex/latex/hyperref/pd1enc.def
File: pd1enc.def 2020-05-15 v7.00e Hyperref: PDFDocEncoding definition (HO)
Now handling font encoding PD1 ...
... no UTF-8 mapping file for font encoding PD1
) (/home/rstudio/.TinyTeX/texmf-dist/tex/generic/intcalc/intcalc.sty
Package: intcalc 2019/12/15 v1.3 Expandable calculations with integers (HO)
) (/home/rstudio/.TinyTeX/texmf-dist/tex/generic/etexcmds/etexcmds.sty
Package: etexcmds 2019/12/15 v1.7 Avoid name clashes with e-TeX commands (HO)
)
\Hy@SavedSpaceFactor=\count197
Package hyperref Info: Option `unicode' set `true' on input line 4338.
(/home/rstudio/.TinyTeX/texmf-dist/tex/latex/hyperref/puenc.def
File: puenc.def 2020-05-15 v7.00e Hyperref: PDF Unicode definition (HO)
Now handling font encoding PU ...
... no UTF-8 mapping file for font encoding PU
)
Package hyperref Info: Hyper figures OFF on input line 4464.
Package hyperref Info: Link nesting OFF on input line 4469.
Package hyperref Info: Hyper index ON on input line 4472.
Package hyperref Info: Plain pages OFF on input line 4479.
Package hyperref Info: Backreferencing OFF on input line 4484.
Package hyperref Info: Implicit mode ON; LaTeX internals redefined.
Package hyperref Info: Bookmarks ON on input line 4717.
\c@Hy@tempcnt=\count198
(/home/rstudio/.TinyTeX/texmf-dist/tex/latex/url/url.sty
\Urlmuskip=\muskip17
Package: url 2013/09/16  ver 3.4  Verb mode for urls, etc.
)
LaTeX Info: Redefining \url on input line 5076.
\XeTeXLinkMargin=\dimen149
(/home/rstudio/.TinyTeX/texmf-dist/tex/generic/bitset/bitset.sty
Package: bitset 2019/12/09 v1.3 Handle bit-vector datatype (HO)
(/home/rstudio/.TinyTeX/texmf-dist/tex/generic/bigintcalc/bigintcalc.sty
Package: bigintcalc 2019/12/15 v1.5 Expandable calculations on big integers (HO
)
))
\Fld@menulength=\count199
\Field@Width=\dimen150
\Fld@charsize=\dimen151
Package hyperref Info: Hyper figures OFF on input line 6347.
Package hyperref Info: Link nesting OFF on input line 6352.
Package hyperref Info: Hyper index ON on input line 6355.
Package hyperref Info: backreferencing OFF on input line 6362.
Package hyperref Info: Link coloring OFF on input line 6367.
Package hyperref Info: Link coloring with OCG OFF on input line 6372.
Package hyperref Info: PDF/A mode OFF on input line 6377.
LaTeX Info: Redefining \ref on input line 6417.
LaTeX Info: Redefining \pageref on input line 6421.
(/home/rstudio/.TinyTeX/texmf-dist/tex/latex/base/atbegshi-ltx.sty
Package: atbegshi-ltx 2020/08/17 v1.0a Emulation of the original atbegshi packa
ge
with kernel methods
)
\Hy@abspage=\count266
\c@Item=\count267
\c@Hfootnote=\count268
)
Package hyperref Info: Driver (autodetected): hpdftex.
(/home/rstudio/.TinyTeX/texmf-dist/tex/latex/hyperref/hpdftex.def
File: hpdftex.def 2020-05-15 v7.00e Hyperref driver for pdfTeX
(/home/rstudio/.TinyTeX/texmf-dist/tex/latex/base/atveryend-ltx.sty
Package: atveryend-ltx 2020/08/19 v1.0a Emulation of the original atvery packag
e
with kernel methods
)
\Fld@listcount=\count269
\c@bookmark@seq@number=\count270
(/home/rstudio/.TinyTeX/texmf-dist/tex/latex/rerunfilecheck/rerunfilecheck.sty
Package: rerunfilecheck 2019/12/05 v1.9 Rerun checks for auxiliary files (HO)
(/home/rstudio/.TinyTeX/texmf-dist/tex/generic/uniquecounter/uniquecounter.sty
Package: uniquecounter 2019/12/15 v1.4 Provide unlimited unique counter (HO)
)
Package uniquecounter Info: New unique counter `rerunfilecheck' on input line 2
86.
)
\Hy@SectionHShift=\skip52
)
Package hyperref Info: Option `breaklinks' set `true' on input line 35.
(/home/rstudio/.TinyTeX/texmf-dist/tex/latex/geometry/geometry.sty
Package: geometry 2020/01/02 v5.9 Page Geometry
(/home/rstudio/.TinyTeX/texmf-dist/tex/generic/iftex/ifvtex.sty
Package: ifvtex 2019/10/25 v1.7 ifvtex legacy package. Use iftex instead.
)
\Gm@cnth=\count271
\Gm@cntv=\count272
\c@Gm@tempcnt=\count273
\Gm@bindingoffset=\dimen152
\Gm@wd@mp=\dimen153
\Gm@odd@mp=\dimen154
\Gm@even@mp=\dimen155
\Gm@layoutwidth=\dimen156
\Gm@layoutheight=\dimen157
\Gm@layouthoffset=\dimen158
\Gm@layoutvoffset=\dimen159
\Gm@dimlist=\toks24
) (/home/rstudio/.TinyTeX/texmf-dist/tex/latex/graphics/color.sty
Package: color 2020/02/24 v1.2b Standard LaTeX Color (DPC)
(/home/rstudio/.TinyTeX/texmf-dist/tex/latex/graphics-cfg/color.cfg
File: color.cfg 2016/01/02 v1.6 sample color configuration
)
Package color Info: Driver file: pdftex.def on input line 147.
(/home/rstudio/.TinyTeX/texmf-dist/tex/latex/graphics-def/pdftex.def
File: pdftex.def 2020/10/05 v1.2a Graphics/color driver for pdftex
)) (/home/rstudio/.TinyTeX/texmf-dist/tex/latex/fancyvrb/fancyvrb.sty
Package: fancyvrb 2020/05/03 v3.6 verbatim text (tvz,hv)
\FV@CodeLineNo=\count274
\FV@InFile=\read2
\FV@TabBox=\box49
\c@FancyVerbLine=\count275
\FV@StepNumber=\count276
\FV@OutFile=\write3
) (/home/rstudio/.TinyTeX/texmf-dist/tex/latex/framed/framed.sty
Package: framed 2011/10/22 v 0.96: framed or shaded text with page breaks
\OuterFrameSep=\skip53
\fb@frw=\dimen160
\fb@frh=\dimen161
\FrameRule=\dimen162
\FrameSep=\dimen163
) (/home/rstudio/.TinyTeX/texmf-dist/tex/latex/tools/longtable.sty
Package: longtable 2020/01/07 v4.13 Multi-page Table package (DPC)
\LTleft=\skip54
\LTright=\skip55
\LTpre=\skip56
\LTpost=\skip57
\LTchunksize=\count277
\LTcapwidth=\dimen164
\LT@head=\box50
\LT@firsthead=\box51
\LT@foot=\box52
\LT@lastfoot=\box53
\LT@cols=\count278
\LT@rows=\count279
\c@LT@tables=\count280
\c@LT@chunks=\count281
\LT@p@ftn=\toks25
) (/home/rstudio/.TinyTeX/texmf-dist/tex/latex/booktabs/booktabs.sty
Package: booktabs 2020/01/12 v1.61803398 Publication quality tables
\heavyrulewidth=\dimen165
\lightrulewidth=\dimen166
\cmidrulewidth=\dimen167
\belowrulesep=\dimen168
\belowbottomsep=\dimen169
\aboverulesep=\dimen170
\abovetopsep=\dimen171
\cmidrulesep=\dimen172
\cmidrulekern=\dimen173
\defaultaddspace=\dimen174
\@cmidla=\count282
\@cmidlb=\count283
\@aboverulesep=\dimen175
\@belowrulesep=\dimen176
\@thisruleclass=\count284
\@lastruleclass=\count285
\@thisrulewidth=\dimen177
) (/home/rstudio/.TinyTeX/texmf-dist/tex/latex/mdwtools/footnote.sty
Package: footnote 1997/01/28 1.13 Save footnotes around boxes
\fn@notes=\box54
\fn@width=\dimen178
) (/home/rstudio/.TinyTeX/texmf-dist/tex/latex/graphics/graphicx.sty
Package: graphicx 2020/09/09 v1.2b Enhanced LaTeX Graphics (DPC,SPQR)
(/home/rstudio/.TinyTeX/texmf-dist/tex/latex/graphics/graphics.sty
Package: graphics 2020/08/30 v1.4c Standard LaTeX Graphics (DPC,SPQR)
(/home/rstudio/.TinyTeX/texmf-dist/tex/latex/graphics/trig.sty
Package: trig 2016/01/03 v1.10 sin cos tan (DPC)
) (/home/rstudio/.TinyTeX/texmf-dist/tex/latex/graphics-cfg/graphics.cfg
File: graphics.cfg 2016/06/04 v1.11 sample graphics configuration
)
Package graphics Info: Driver file: pdftex.def on input line 105.
)
\Gin@req@height=\dimen179
\Gin@req@width=\dimen180
) (/home/rstudio/.TinyTeX/texmf-dist/tex/latex/grffile/grffile.sty
Package: grffile 2019/11/11 v2.1 Extended file name support for graphics (legac
y)
Package grffile Info: This package is an empty stub for compatibility on input 
line 40.
) (/home/rstudio/.TinyTeX/texmf-dist/tex/latex/l3backend/l3backend-pdftex.def
File: l3backend-pdftex.def 2020-09-24 L3 backend support: PDF output (pdfTeX)
\l__kernel_color_stack_int=\count286
\l__pdf_internal_box=\box55
) (./second_draft_v2.aux

LaTeX Warning: Label `' multiply defined.


LaTeX Warning: Label `' multiply defined.


LaTeX Warning: Label `' multiply defined.


LaTeX Warning: Label `' multiply defined.

)
\openout1 = `second_draft_v2.aux'.

LaTeX Font Info:    Checking defaults for OML/cmm/m/it on input line 114.
LaTeX Font Info:    ... okay on input line 114.
LaTeX Font Info:    Checking defaults for OMS/cmsy/m/n on input line 114.
LaTeX Font Info:    ... okay on input line 114.
LaTeX Font Info:    Checking defaults for OT1/cmr/m/n on input line 114.
LaTeX Font Info:    ... okay on input line 114.
LaTeX Font Info:    Checking defaults for T1/cmr/m/n on input line 114.
LaTeX Font Info:    ... okay on input line 114.
LaTeX Font Info:    Checking defaults for TS1/cmr/m/n on input line 114.
LaTeX Font Info:    ... okay on input line 114.
LaTeX Font Info:    Checking defaults for OMX/cmex/m/n on input line 114.
LaTeX Font Info:    ... okay on input line 114.
LaTeX Font Info:    Checking defaults for U/cmr/m/n on input line 114.
LaTeX Font Info:    ... okay on input line 114.
LaTeX Font Info:    Checking defaults for PD1/pdf/m/n on input line 114.
LaTeX Font Info:    ... okay on input line 114.
LaTeX Font Info:    Checking defaults for PU/pdf/m/n on input line 114.
LaTeX Font Info:    ... okay on input line 114.
Package hyperref Info: Link coloring OFF on input line 114.
(/home/rstudio/.TinyTeX/texmf-dist/tex/latex/hyperref/nameref.sty
Package: nameref 2019/09/16 v2.46 Cross-referencing by name of section
(/home/rstudio/.TinyTeX/texmf-dist/tex/latex/refcount/refcount.sty
Package: refcount 2019/12/15 v3.6 Data extraction from label references (HO)
)
(/home/rstudio/.TinyTeX/texmf-dist/tex/generic/gettitlestring/gettitlestring.st
y
Package: gettitlestring 2019/12/15 v1.6 Cleanup title references (HO)
)
\c@section@level=\count287
)
LaTeX Info: Redefining \ref on input line 114.
LaTeX Info: Redefining \pageref on input line 114.
LaTeX Info: Redefining \nameref on input line 114.
(./second_draft_v2.out) (./second_draft_v2.out)
\@outlinefile=\write4
\openout4 = `second_draft_v2.out'.

*geometry* driver: auto-detecting
*geometry* detected driver: pdftex
*geometry* verbose mode - [ preamble ] result:
* driver: pdftex
* paper: <default>
* layout: <same size as paper>
* layoutoffset:(h,v)=(0.0pt,0.0pt)
* modes: 
* h-part:(L,W,R)=(72.26999pt, 469.75502pt, 72.26999pt)
* v-part:(T,H,B)=(72.26999pt, 650.43001pt, 72.26999pt)
* \paperwidth=614.295pt
* \paperheight=794.96999pt
* \textwidth=469.75502pt
* \textheight=650.43001pt
* \oddsidemargin=0.0pt
* \evensidemargin=0.0pt
* \topmargin=-37.0pt
* \headheight=12.0pt
* \headsep=25.0pt
* \topskip=10.0pt
* \footskip=30.0pt
* \marginparwidth=65.0pt
* \marginparsep=11.0pt
* \columnsep=10.0pt
* \skip\footins=9.0pt plus 4.0pt minus 2.0pt
* \hoffset=0.0pt
* \voffset=0.0pt
* \mag=1000
* \@twocolumnfalse
* \@twosidefalse
* \@mparswitchfalse
* \@reversemarginfalse
* (1in=72.27pt=25.4mm, 1cm=28.453pt)

(/home/rstudio/.TinyTeX/texmf-dist/tex/latex/epstopdf-pkg/epstopdf-base.sty
Package: epstopdf-base 2020-01-24 v2.11 Base part for package epstopdf
Package epstopdf-base Info: Redefining graphics rule for `.eps' on input line 4
85.
(/home/rstudio/.TinyTeX/texmf-dist/tex/latex/latexconfig/epstopdf-sys.cfg
File: epstopdf-sys.cfg 2010/07/13 v1.3 Configuration of (r)epstopdf for TeX Liv
e
))
LaTeX Font Info:    Trying to load font information for OT1+lmr on input line 1
16.
(/home/rstudio/.TinyTeX/texmf-dist/tex/latex/lm/ot1lmr.fd
File: ot1lmr.fd 2009/10/30 v1.6 Font defs for Latin Modern
)
LaTeX Font Info:    Trying to load font information for OML+lmm on input line 1
16.
(/home/rstudio/.TinyTeX/texmf-dist/tex/latex/lm/omllmm.fd
File: omllmm.fd 2009/10/30 v1.6 Font defs for Latin Modern
)
LaTeX Font Info:    Trying to load font information for OMS+lmsy on input line 
116.
(/home/rstudio/.TinyTeX/texmf-dist/tex/latex/lm/omslmsy.fd
File: omslmsy.fd 2009/10/30 v1.6 Font defs for Latin Modern
)
LaTeX Font Info:    Trying to load font information for OMX+lmex on input line 
116.
(/home/rstudio/.TinyTeX/texmf-dist/tex/latex/lm/omxlmex.fd
File: omxlmex.fd 2009/10/30 v1.6 Font defs for Latin Modern
)
LaTeX Font Info:    External font `lmex10' loaded for size
(Font)              <12> on input line 116.
LaTeX Font Info:    External font `lmex10' loaded for size
(Font)              <8> on input line 116.
LaTeX Font Info:    External font `lmex10' loaded for size
(Font)              <6> on input line 116.
LaTeX Font Info:    Trying to load font information for U+msa on input line 116
.
(/home/rstudio/.TinyTeX/texmf-dist/tex/latex/amsfonts/umsa.fd
File: umsa.fd 2013/01/14 v3.01 AMS symbols A
)
LaTeX Font Info:    Trying to load font information for U+msb on input line 116
.
(/home/rstudio/.TinyTeX/texmf-dist/tex/latex/amsfonts/umsb.fd
File: umsb.fd 2013/01/14 v3.01 AMS symbols B
)
<images/WearMask.png, id=180, 421.575pt x 362.10281pt>
File: images/WearMask.png Graphic file (type png)
<use images/WearMask.png>
Package pdftex.def Info: images/WearMask.png  used on input line 149.
(pdftex.def)             Requested size: 421.58038pt x 362.10744pt.
[1

{/home/rstudio/.TinyTeX/texmf-var/fonts/map/pdftex/updmap/pdftex.map}] [2 <./im
ages/WearMask.png>]
<images/intro_causal_diagram.png, id=198, 560.0925pt x 280.1667pt>
File: images/intro_causal_diagram.png Graphic file (type png)
<use images/intro_causal_diagram.png>
Package pdftex.def Info: images/intro_causal_diagram.png  used on input line 19
0.
(pdftex.def)             Requested size: 469.77368pt x 234.98787pt.
LaTeX Font Info:    External font `lmex10' loaded for size
(Font)              <10> on input line 276.
LaTeX Font Info:    External font `lmex10' loaded for size
(Font)              <7> on input line 276.
LaTeX Font Info:    External font `lmex10' loaded for size
(Font)              <5> on input line 276.
[3 <./images/intro_causal_diagram.png>]
LaTeX Font Info:    Trying to load font information for T1+lmtt on input line 3
42.
(/home/rstudio/.TinyTeX/texmf-dist/tex/latex/lm/t1lmtt.fd
File: t1lmtt.fd 2009/10/30 v1.6 Font defs for Latin Modern
)
LaTeX Font Info:    Font shape `T1/lmtt/bx/n' in size <10> not available
(Font)              Font shape `T1/lmtt/b/n' tried instead on input line 343.
[4]
<second_draft_v2_files/figure-latex/unnamed-chunk-1-1.pdf, id=220, 206.7725pt x
 186.6975pt>
File: second_draft_v2_files/figure-latex/unnamed-chunk-1-1.pdf Graphic file (ty
pe pdf)
<use second_draft_v2_files/figure-latex/unnamed-chunk-1-1.pdf>
Package pdftex.def Info: second_draft_v2_files/figure-latex/unnamed-chunk-1-1.p
df  used on input line 369.
(pdftex.def)             Requested size: 206.77829pt x 186.70273pt.
<second_draft_v2_files/figure-latex/unnamed-chunk-2-1.pdf, id=221, 459.7175pt x
 280.04625pt>
File: second_draft_v2_files/figure-latex/unnamed-chunk-2-1.pdf Graphic file (ty
pe pdf)
<use second_draft_v2_files/figure-latex/unnamed-chunk-2-1.pdf>
Package pdftex.def Info: second_draft_v2_files/figure-latex/unnamed-chunk-2-1.p
df  used on input line 402.
(pdftex.def)             Requested size: 459.73741pt x 280.05836pt.
[5 <./second_draft_v2_files/figure-latex/unnamed-chunk-1-1.pdf>]
<second_draft_v2_files/figure-latex/unnamed-chunk-3-1.pdf, id=235, 457.71pt x 4
21.575pt>
File: second_draft_v2_files/figure-latex/unnamed-chunk-3-1.pdf Graphic file (ty
pe pdf)
<use second_draft_v2_files/figure-latex/unnamed-chunk-3-1.pdf>
Package pdftex.def Info: second_draft_v2_files/figure-latex/unnamed-chunk-3-1.p
df  used on input line 429.
(pdftex.def)             Requested size: 457.71587pt x 421.58038pt.
[6 <./second_draft_v2_files/figure-latex/unnamed-chunk-2-1.pdf>]
<second_draft_v2_files/figure-latex/unnamed-chunk-4-1.pdf, id=247, 206.7725pt x
 186.6975pt>
File: second_draft_v2_files/figure-latex/unnamed-chunk-4-1.pdf Graphic file (ty
pe pdf)
<use second_draft_v2_files/figure-latex/unnamed-chunk-4-1.pdf>
Package pdftex.def Info: second_draft_v2_files/figure-latex/unnamed-chunk-4-1.p
df  used on input line 453.
(pdftex.def)             Requested size: 206.77829pt x 186.70273pt.
[7 <./second_draft_v2_files/figure-latex/unnamed-chunk-3-1.pdf>]
<second_draft_v2_files/figure-latex/unnamed-chunk-6-1.pdf, id=262, 355.3275pt x
 280.04625pt>
File: second_draft_v2_files/figure-latex/unnamed-chunk-6-1.pdf Graphic file (ty
pe pdf)
<use second_draft_v2_files/figure-latex/unnamed-chunk-6-1.pdf>
Package pdftex.def Info: second_draft_v2_files/figure-latex/unnamed-chunk-6-1.p
df  used on input line 494.
(pdftex.def)             Requested size: 355.33745pt x 280.0541pt.
[8 <./second_draft_v2_files/figure-latex/unnamed-chunk-4-1.pdf>]
<second_draft_v2_files/figure-latex/unnamed-chunk-7-1.pdf, id=275, 206.7725pt x
 186.6975pt>
File: second_draft_v2_files/figure-latex/unnamed-chunk-7-1.pdf Graphic file (ty
pe pdf)
<use second_draft_v2_files/figure-latex/unnamed-chunk-7-1.pdf>
Package pdftex.def Info: second_draft_v2_files/figure-latex/unnamed-chunk-7-1.p
df  used on input line 508.
(pdftex.def)             Requested size: 206.77829pt x 186.70273pt.
[9 <./second_draft_v2_files/figure-latex/unnamed-chunk-6-1.pdf> <./second_draft
_v2_files/figure-latex/unnamed-chunk-7-1.pdf>]
<second_draft_v2_files/figure-latex/unnamed-chunk-9-1.pdf, id=297, 459.7175pt x
 280.04625pt>
File: second_draft_v2_files/figure-latex/unnamed-chunk-9-1.pdf Graphic file (ty
pe pdf)
<use second_draft_v2_files/figure-latex/unnamed-chunk-9-1.pdf>
Package pdftex.def Info: second_draft_v2_files/figure-latex/unnamed-chunk-9-1.p
df  used on input line 540.
(pdftex.def)             Requested size: 459.73741pt x 280.05836pt.
[10 <./second_draft_v2_files/figure-latex/unnamed-chunk-9-1.pdf>]
<second_draft_v2_files/figure-latex/unnamed-chunk-10-1.pdf, id=309, 463.7325pt 
x 316.18124pt>
File: second_draft_v2_files/figure-latex/unnamed-chunk-10-1.pdf Graphic file (t
ype pdf)
<use second_draft_v2_files/figure-latex/unnamed-chunk-10-1.pdf>
Package pdftex.def Info: second_draft_v2_files/figure-latex/unnamed-chunk-10-1.
pdf  used on input line 577.
(pdftex.def)             Requested size: 463.73842pt x 316.18529pt.
<images/model1_causal_diagram.png, id=310, 433.62pt x 198.7425pt>
File: images/model1_causal_diagram.png Graphic file (type png)
<use images/model1_causal_diagram.png>
Package pdftex.def Info: images/model1_causal_diagram.png  used on input line 5
99.
(pdftex.def)             Requested size: 433.63217pt x 198.74806pt.
[11 <./second_draft_v2_files/figure-latex/unnamed-chunk-10-1.pdf>] [12 <./image
s/model1_causal_diagram.png>] [13]
LaTeX Font Info:    Trying to load font information for TS1+lmr on input line 7
72.
(/home/rstudio/.TinyTeX/texmf-dist/tex/latex/lm/ts1lmr.fd
File: ts1lmr.fd 2009/10/30 v1.6 Font defs for Latin Modern
) [14]
<second_draft_v2_files/figure-latex/unnamed-chunk-11-1.pdf, id=357, 279.0425pt 
x 259.97125pt>
File: second_draft_v2_files/figure-latex/unnamed-chunk-11-1.pdf Graphic file (t
ype pdf)
<use second_draft_v2_files/figure-latex/unnamed-chunk-11-1.pdf>
Package pdftex.def Info: second_draft_v2_files/figure-latex/unnamed-chunk-11-1.
pdf  used on input line 826.
(pdftex.def)             Requested size: 279.04181pt x 259.97061pt.
[15 <./second_draft_v2_files/figure-latex/unnamed-chunk-11-1.pdf>]
<second_draft_v2_files/figure-latex/unnamed-chunk-12-1.pdf, id=370, 459.7175pt 
x 421.575pt>
File: second_draft_v2_files/figure-latex/unnamed-chunk-12-1.pdf Graphic file (t
ype pdf)
<use second_draft_v2_files/figure-latex/unnamed-chunk-12-1.pdf>
Package pdftex.def Info: second_draft_v2_files/figure-latex/unnamed-chunk-12-1.
pdf  used on input line 867.
(pdftex.def)             Requested size: 459.72337pt x 421.58038pt.
[16 <./second_draft_v2_files/figure-latex/unnamed-chunk-12-1.pdf>]
<second_draft_v2_files/figure-latex/unnamed-chunk-13-1.pdf, id=383, 453.695pt x
 421.575pt>
File: second_draft_v2_files/figure-latex/unnamed-chunk-13-1.pdf Graphic file (t
ype pdf)
<use second_draft_v2_files/figure-latex/unnamed-chunk-13-1.pdf>
Package pdftex.def Info: second_draft_v2_files/figure-latex/unnamed-chunk-13-1.
pdf  used on input line 905.
(pdftex.def)             Requested size: 453.6939pt x 421.57396pt.
[17 <./second_draft_v2_files/figure-latex/unnamed-chunk-13-1.pdf>]
<second_draft_v2_files/figure-latex/unnamed-chunk-14-1.pdf, id=395, 463.7325pt 
x 316.18124pt>
File: second_draft_v2_files/figure-latex/unnamed-chunk-14-1.pdf Graphic file (t
ype pdf)
<use second_draft_v2_files/figure-latex/unnamed-chunk-14-1.pdf>
Package pdftex.def Info: second_draft_v2_files/figure-latex/unnamed-chunk-14-1.
pdf  used on input line 929.
(pdftex.def)             Requested size: 463.73842pt x 316.18529pt.
[18 <./second_draft_v2_files/figure-latex/unnamed-chunk-14-1.pdf>]
<second_draft_v2_files/figure-latex/unnamed-chunk-15-1.pdf, id=412, 279.0425pt 
x 259.97125pt>
File: second_draft_v2_files/figure-latex/unnamed-chunk-15-1.pdf Graphic file (t
ype pdf)
<use second_draft_v2_files/figure-latex/unnamed-chunk-15-1.pdf>
Package pdftex.def Info: second_draft_v2_files/figure-latex/unnamed-chunk-15-1.
pdf  used on input line 960.
(pdftex.def)             Requested size: 279.04181pt x 259.97061pt.
<second_draft_v2_files/figure-latex/unnamed-chunk-16-1.pdf, id=413, 459.7175pt 
x 421.575pt>
File: second_draft_v2_files/figure-latex/unnamed-chunk-16-1.pdf Graphic file (t
ype pdf)
<use second_draft_v2_files/figure-latex/unnamed-chunk-16-1.pdf>
Package pdftex.def Info: second_draft_v2_files/figure-latex/unnamed-chunk-16-1.
pdf  used on input line 994.
(pdftex.def)             Requested size: 459.72337pt x 421.58038pt.
[19 <./second_draft_v2_files/figure-latex/unnamed-chunk-15-1.pdf>] [20 <./secon
d_draft_v2_files/figure-latex/unnamed-chunk-16-1.pdf>]
<second_draft_v2_files/figure-latex/unnamed-chunk-17-1.pdf, id=439, 453.695pt x
 421.575pt>
File: second_draft_v2_files/figure-latex/unnamed-chunk-17-1.pdf Graphic file (t
ype pdf)
<use second_draft_v2_files/figure-latex/unnamed-chunk-17-1.pdf>
Package pdftex.def Info: second_draft_v2_files/figure-latex/unnamed-chunk-17-1.
pdf  used on input line 1024.
(pdftex.def)             Requested size: 453.6939pt x 421.57396pt.
<second_draft_v2_files/figure-latex/unnamed-chunk-18-1.pdf, id=440, 279.0425pt 
x 259.97125pt>
File: second_draft_v2_files/figure-latex/unnamed-chunk-18-1.pdf Graphic file (t
ype pdf)
<use second_draft_v2_files/figure-latex/unnamed-chunk-18-1.pdf>
Package pdftex.def Info: second_draft_v2_files/figure-latex/unnamed-chunk-18-1.
pdf  used on input line 1052.
(pdftex.def)             Requested size: 279.04181pt x 259.97061pt.
[21 <./second_draft_v2_files/figure-latex/unnamed-chunk-17-1.pdf>]
<second_draft_v2_files/figure-latex/unnamed-chunk-19-1.pdf, id=452, 458.71375pt
 x 421.575pt>
File: second_draft_v2_files/figure-latex/unnamed-chunk-19-1.pdf Graphic file (t
ype pdf)
<use second_draft_v2_files/figure-latex/unnamed-chunk-19-1.pdf>
Package pdftex.def Info: second_draft_v2_files/figure-latex/unnamed-chunk-19-1.
pdf  used on input line 1098.
(pdftex.def)             Requested size: 458.71962pt x 421.58038pt.
[22 <./second_draft_v2_files/figure-latex/unnamed-chunk-18-1.pdf>]
<second_draft_v2_files/figure-latex/unnamed-chunk-20-1.pdf, id=465, 463.7325pt 
x 316.18124pt>
File: second_draft_v2_files/figure-latex/unnamed-chunk-20-1.pdf Graphic file (t
ype pdf)
<use second_draft_v2_files/figure-latex/unnamed-chunk-20-1.pdf>
Package pdftex.def Info: second_draft_v2_files/figure-latex/unnamed-chunk-20-1.
pdf  used on input line 1127.
(pdftex.def)             Requested size: 463.73842pt x 316.18529pt.
[23 <./second_draft_v2_files/figure-latex/unnamed-chunk-19-1.pdf>]
<second_draft_v2_files/figure-latex/unnamed-chunk-21-1.pdf, id=478, 463.7325pt 
x 316.18124pt>
File: second_draft_v2_files/figure-latex/unnamed-chunk-21-1.pdf Graphic file (t
ype pdf)
<use second_draft_v2_files/figure-latex/unnamed-chunk-21-1.pdf>
Package pdftex.def Info: second_draft_v2_files/figure-latex/unnamed-chunk-21-1.
pdf  used on input line 1152.
(pdftex.def)             Requested size: 463.73842pt x 316.18529pt.
[24 <./second_draft_v2_files/figure-latex/unnamed-chunk-20-1.pdf>]
<second_draft_v2_files/figure-latex/summary stats social distancing-1.pdf, id=4
94, 279.0425pt x 259.97125pt>
File: second_draft_v2_files/figure-latex/summary stats social distancing-1.pdf 
Graphic file (type pdf)
<use second_draft_v2_files/figure-latex/summary stats social distancing-1.pdf>
Package pdftex.def Info: second_draft_v2_files/figure-latex/summary stats socia
l distancing-1.pdf  used on input line 1186.
(pdftex.def)             Requested size: 279.04181pt x 259.97061pt.
[25 <./second_draft_v2_files/figure-latex/unnamed-chunk-21-1.pdf>]
<second_draft_v2_files/figure-latex/unnamed-chunk-23-1.pdf, id=512, 459.7175pt 
x 421.575pt>
File: second_draft_v2_files/figure-latex/unnamed-chunk-23-1.pdf Graphic file (t
ype pdf)
<use second_draft_v2_files/figure-latex/unnamed-chunk-23-1.pdf>
Package pdftex.def Info: second_draft_v2_files/figure-latex/unnamed-chunk-23-1.
pdf  used on input line 1224.
(pdftex.def)             Requested size: 459.72337pt x 421.58038pt.
[26 <./second_draft_v2_files/figure-latex/summary stats social distancing-1.pdf
>] [27 <./second_draft_v2_files/figure-latex/unnamed-chunk-23-1.pdf>]
<second_draft_v2_files/figure-latex/unnamed-chunk-24-1.pdf, id=537, 457.71pt x 
421.575pt>
File: second_draft_v2_files/figure-latex/unnamed-chunk-24-1.pdf Graphic file (t
ype pdf)
<use second_draft_v2_files/figure-latex/unnamed-chunk-24-1.pdf>
Package pdftex.def Info: second_draft_v2_files/figure-latex/unnamed-chunk-24-1.
pdf  used on input line 1250.
(pdftex.def)             Requested size: 457.71587pt x 421.58038pt.
[28 <./second_draft_v2_files/figure-latex/unnamed-chunk-24-1.pdf>]
<second_draft_v2_files/figure-latex/unnamed-chunk-25-1.pdf, id=549, 467.7475pt 
x 424.58624pt>
File: second_draft_v2_files/figure-latex/unnamed-chunk-25-1.pdf Graphic file (t
ype pdf)
<use second_draft_v2_files/figure-latex/unnamed-chunk-25-1.pdf>
Package pdftex.def Info: second_draft_v2_files/figure-latex/unnamed-chunk-25-1.
pdf  used on input line 1278.
(pdftex.def)             Requested size: 467.76775pt x 424.60463pt.
<images/model2_causal_diagram.png, id=550, 560.0925pt x 280.1667pt>
File: images/model2_causal_diagram.png Graphic file (type png)
<use images/model2_causal_diagram.png>
Package pdftex.def Info: images/model2_causal_diagram.png  used on input line 1
301.
(pdftex.def)             Requested size: 469.77368pt x 234.98787pt.
[29 <./second_draft_v2_files/figure-latex/unnamed-chunk-25-1.pdf>] [30 <./image
s/model2_causal_diagram.png>] [31] [32]
<second_draft_v2_files/figure-latex/unnamed-chunk-26-1.pdf, id=587, 279.0425pt 
x 259.97125pt>
File: second_draft_v2_files/figure-latex/unnamed-chunk-26-1.pdf Graphic file (t
ype pdf)
<use second_draft_v2_files/figure-latex/unnamed-chunk-26-1.pdf>
Package pdftex.def Info: second_draft_v2_files/figure-latex/unnamed-chunk-26-1.
pdf  used on input line 1527.
(pdftex.def)             Requested size: 279.04181pt x 259.97061pt.
[33]
<second_draft_v2_files/figure-latex/unnamed-chunk-28-1.pdf, id=595, 459.7175pt 
x 421.575pt>
File: second_draft_v2_files/figure-latex/unnamed-chunk-28-1.pdf Graphic file (t
ype pdf)
<use second_draft_v2_files/figure-latex/unnamed-chunk-28-1.pdf>
Package pdftex.def Info: second_draft_v2_files/figure-latex/unnamed-chunk-28-1.
pdf  used on input line 1576.
(pdftex.def)             Requested size: 459.72337pt x 421.58038pt.
[34 <./second_draft_v2_files/figure-latex/unnamed-chunk-26-1.pdf>] [35 <./secon
d_draft_v2_files/figure-latex/unnamed-chunk-28-1.pdf>]
<images/final_causal_diagram.png, id=621, 560.0925pt x 280.1667pt>
File: images/final_causal_diagram.png Graphic file (type png)
<use images/final_causal_diagram.png>
Package pdftex.def Info: images/final_causal_diagram.png  used on input line 16
43.
(pdftex.def)             Requested size: 469.77368pt x 234.98787pt.
[36 <./images/final_causal_diagram.png>]
Overfull \hbox (537.67982pt too wide) in paragraph at lines 1736--1746
\T1/lmr/m/n/10 F Statis-tic 7.416*** (df = 2; 48) 18.279*** (df = 5; 45) 12.481
*** (df = 7; 43) ==============================================================
=========================
 []

[37]

Package hyperref Warning: Difference (2) between bookmark levels is greater 
(hyperref)                than one, level fixed on input line 1749.

[38] [39]
<second_draft_v2_files/figure-latex/unnamed-chunk-31-1.pdf, id=652, 463.7325pt 
x 316.18124pt>
File: second_draft_v2_files/figure-latex/unnamed-chunk-31-1.pdf Graphic file (t
ype pdf)
<use second_draft_v2_files/figure-latex/unnamed-chunk-31-1.pdf>
Package pdftex.def Info: second_draft_v2_files/figure-latex/unnamed-chunk-31-1.
pdf  used on input line 1942.
(pdftex.def)             Requested size: 463.73842pt x 316.18529pt.
[40]
<second_draft_v2_files/figure-latex/unnamed-chunk-32-1.pdf, id=657, 463.7325pt 
x 316.18124pt>
File: second_draft_v2_files/figure-latex/unnamed-chunk-32-1.pdf Graphic file (t
ype pdf)
<use second_draft_v2_files/figure-latex/unnamed-chunk-32-1.pdf>
Package pdftex.def Info: second_draft_v2_files/figure-latex/unnamed-chunk-32-1.
pdf  used on input line 1961.
(pdftex.def)             Requested size: 463.73842pt x 316.18529pt.
[41 <./second_draft_v2_files/figure-latex/unnamed-chunk-31-1.pdf>]
<second_draft_v2_files/figure-latex/unnamed-chunk-32-2.pdf, id=672, 463.7325pt 
x 316.18124pt>
File: second_draft_v2_files/figure-latex/unnamed-chunk-32-2.pdf Graphic file (t
ype pdf)
<use second_draft_v2_files/figure-latex/unnamed-chunk-32-2.pdf>
Package pdftex.def Info: second_draft_v2_files/figure-latex/unnamed-chunk-32-2.
pdf  used on input line 1973.
(pdftex.def)             Requested size: 463.73842pt x 316.18529pt.
[42 <./second_draft_v2_files/figure-latex/unnamed-chunk-32-1.pdf>] [43 <./secon
d_draft_v2_files/figure-latex/unnamed-chunk-32-2.pdf>] [44]
<second_draft_v2_files/figure-latex/unnamed-chunk-37-1.pdf, id=708, 463.7325pt 
x 316.18124pt>
File: second_draft_v2_files/figure-latex/unnamed-chunk-37-1.pdf Graphic file (t
ype pdf)
<use second_draft_v2_files/figure-latex/unnamed-chunk-37-1.pdf>
Package pdftex.def Info: second_draft_v2_files/figure-latex/unnamed-chunk-37-1.
pdf  used on input line 2135.
(pdftex.def)             Requested size: 463.73842pt x 316.18529pt.
[45]
<second_draft_v2_files/figure-latex/unnamed-chunk-38-1.pdf, id=713, 463.7325pt 
x 316.18124pt>
File: second_draft_v2_files/figure-latex/unnamed-chunk-38-1.pdf Graphic file (t
ype pdf)
<use second_draft_v2_files/figure-latex/unnamed-chunk-38-1.pdf>
Package pdftex.def Info: second_draft_v2_files/figure-latex/unnamed-chunk-38-1.
pdf  used on input line 2154.
(pdftex.def)             Requested size: 463.73842pt x 316.18529pt.
[46 <./second_draft_v2_files/figure-latex/unnamed-chunk-37-1.pdf>]
<second_draft_v2_files/figure-latex/unnamed-chunk-38-2.pdf, id=725, 463.7325pt 
x 316.18124pt>
File: second_draft_v2_files/figure-latex/unnamed-chunk-38-2.pdf Graphic file (t
ype pdf)
<use second_draft_v2_files/figure-latex/unnamed-chunk-38-2.pdf>
Package pdftex.def Info: second_draft_v2_files/figure-latex/unnamed-chunk-38-2.
pdf  used on input line 2166.
(pdftex.def)             Requested size: 463.73842pt x 316.18529pt.
[47 <./second_draft_v2_files/figure-latex/unnamed-chunk-38-1.pdf>] [48 <./secon
d_draft_v2_files/figure-latex/unnamed-chunk-38-2.pdf>] [49]
<second_draft_v2_files/figure-latex/unnamed-chunk-43-1.pdf, id=755, 463.7325pt 
x 316.18124pt>
File: second_draft_v2_files/figure-latex/unnamed-chunk-43-1.pdf Graphic file (t
ype pdf)
<use second_draft_v2_files/figure-latex/unnamed-chunk-43-1.pdf>
Package pdftex.def Info: second_draft_v2_files/figure-latex/unnamed-chunk-43-1.
pdf  used on input line 2307.
(pdftex.def)             Requested size: 463.73842pt x 316.18529pt.
[50 <./second_draft_v2_files/figure-latex/unnamed-chunk-43-1.pdf>]
<second_draft_v2_files/figure-latex/unnamed-chunk-44-1.pdf, id=767, 463.7325pt 
x 316.18124pt>
File: second_draft_v2_files/figure-latex/unnamed-chunk-44-1.pdf Graphic file (t
ype pdf)
<use second_draft_v2_files/figure-latex/unnamed-chunk-44-1.pdf>
Package pdftex.def Info: second_draft_v2_files/figure-latex/unnamed-chunk-44-1.
pdf  used on input line 2322.
(pdftex.def)             Requested size: 463.73842pt x 316.18529pt.
<second_draft_v2_files/figure-latex/unnamed-chunk-44-2.pdf, id=768, 463.7325pt 
x 316.18124pt>
File: second_draft_v2_files/figure-latex/unnamed-chunk-44-2.pdf Graphic file (t
ype pdf)
<use second_draft_v2_files/figure-latex/unnamed-chunk-44-2.pdf>
Package pdftex.def Info: second_draft_v2_files/figure-latex/unnamed-chunk-44-2.
pdf  used on input line 2330.
(pdftex.def)             Requested size: 463.73842pt x 316.18529pt.
[51 <./second_draft_v2_files/figure-latex/unnamed-chunk-44-1.pdf>] [52 <./secon
d_draft_v2_files/figure-latex/unnamed-chunk-44-2.pdf>]
<images/covid_skeptics.png, id=792, 825.0825pt x 518.93875pt>
File: images/covid_skeptics.png Graphic file (type png)
<use images/covid_skeptics.png>
Package pdftex.def Info: images/covid_skeptics.png  used on input line 2460.
(pdftex.def)             Requested size: 225.83455pt x 142.03949pt.
[53]
<images/healthcare_infrastructure.png, id=798, 825.0825pt x 518.93875pt>
File: images/healthcare_infrastructure.png Graphic file (type png)
<use images/healthcare_infrastructure.png>
Package pdftex.def Info: images/healthcare_infrastructure.png  used on input li
ne 2502.
(pdftex.def)             Requested size: 225.83455pt x 142.03949pt.
[54 <./images/covid_skeptics.png> <./images/healthcare_infrastructure.png>]
<images/travel_restrictions.png, id=807, 825.0825pt x 518.93875pt>
File: images/travel_restrictions.png Graphic file (type png)
<use images/travel_restrictions.png>
Package pdftex.def Info: images/travel_restrictions.png  used on input line 253
6.
(pdftex.def)             Requested size: 225.83455pt x 142.03949pt.
[55 <./images/travel_restrictions.png>]
<images/average_temperature.png, id=814, 825.0825pt x 518.93875pt>
File: images/average_temperature.png Graphic file (type png)
<use images/average_temperature.png>
Package pdftex.def Info: images/average_temperature.png  used on input line 264
1.
(pdftex.def)             Requested size: 225.83455pt x 142.03949pt.
[56] [57 <./images/average_temperature.png>]
<images/percentage_republicans.png, id=827, 825.0825pt x 518.93875pt>
File: images/percentage_republicans.png Graphic file (type png)
<use images/percentage_republicans.png>
Package pdftex.def Info: images/percentage_republicans.png  used on input line 
2746.
(pdftex.def)             Requested size: 225.83455pt x 142.03949pt.
[58 <./images/percentage_republicans.png>] [59]
Underfull \hbox (badness 10000) in paragraph at lines 2868--2872
[]$\T1/lmr/m/n/10 https : / / www . scienti^^\camerican . com / article / why -
[] so -[] many -[] americans -[] are -[] skeptical -[] of -[] a -[] coronavirus
 -[]
 []

[60] (./second_draft_v2.aux)
Package rerunfilecheck Info: File `second_draft_v2.out' has not changed.
(rerunfilecheck)             Checksum: 54C5B01906F667D88137EEC69A210E0E;7675.

LaTeX Warning: There were multiply-defined labels.

 ) 
Here is how much of TeX's memory you used:
 11218 strings out of 481466
 171592 string characters out of 5921504
 449198 words of memory out of 5000000
 27529 multiletter control sequences out of 15000+600000
 589909 words of font info for 72 fonts, out of 8000000 for 9000
 14 hyphenation exceptions out of 8191
 66i,10n,72p,439b,468s stack positions out of 5000i,500n,10000p,200000b,80000s
{/home/rstudio/.TinyTeX/texmf-dist/fonts/enc/dvips/lm/lm-ec.enc}{/home/rstudi
o/.TinyTeX/texmf-dist/fonts/enc/dvips/lm/lm-ts1.enc}{/home/rstudio/.TinyTeX/tex
mf-dist/fonts/enc/dvips/lm/lm-mathsy.enc}{/home/rstudio/.TinyTeX/texmf-dist/fon
ts/enc/dvips/lm/lm-mathit.enc}{/home/rstudio/.TinyTeX/texmf-dist/fonts/enc/dvip
s/lm/lm-rm.enc}</home/rstudio/.TinyTeX/texmf-dist/fonts/type1/public/lm/lmbx10.
pfb></home/rstudio/.TinyTeX/texmf-dist/fonts/type1/public/lm/lmbx12.pfb></home/
rstudio/.TinyTeX/texmf-dist/fonts/type1/public/lm/lmbxi10.pfb></home/rstudio/.T
inyTeX/texmf-dist/fonts/type1/public/lm/lmmi10.pfb></home/rstudio/.TinyTeX/texm
f-dist/fonts/type1/public/lm/lmmi7.pfb></home/rstudio/.TinyTeX/texmf-dist/fonts
/type1/public/lm/lmr10.pfb></home/rstudio/.TinyTeX/texmf-dist/fonts/type1/publi
c/lm/lmr12.pfb></home/rstudio/.TinyTeX/texmf-dist/fonts/type1/public/lm/lmr17.p
fb></home/rstudio/.TinyTeX/texmf-dist/fonts/type1/public/lm/lmr7.pfb></home/rst
udio/.TinyTeX/texmf-dist/fonts/type1/public/lm/lmri10.pfb></home/rstudio/.TinyT
eX/texmf-dist/fonts/type1/public/lm/lmsy10.pfb></home/rstudio/.TinyTeX/texmf-di
st/fonts/type1/public/lm/lmsy7.pfb></home/rstudio/.TinyTeX/texmf-dist/fonts/typ
e1/public/lm/lmtk10.pfb></home/rstudio/.TinyTeX/texmf-dist/fonts/type1/public/l
m/lmtt10.pfb>
Output written on second_draft_v2.pdf (60 pages, 1381898 bytes).
PDF statistics:
 957 PDF objects out of 1000 (max. 8388607)
 743 compressed objects within 8 object streams
 176 named destinations out of 1000 (max. 500000)
 573 words of extra memory for PDF output out of 10000 (max. 10000000)

